{"C:\\dev\\capit\\capit-web\\app\\layout.tsx": {"path":"C:\\dev\\capit\\capit-web\\app\\layout.tsx","statementMap":{"0":{"start":{"line":15,"column":24},"end":{"line":15,"column":35}},"1":{"start":{"line":10,"column":13},"end":{"line":10,"column":21}},"2":{"start":{"line":2,"column":22},"end":{"line":2,"column":null}},"3":{"start":{"line":3,"column":7},"end":{"line":3,"column":null}},"4":{"start":{"line":5,"column":14},"end":{"line":8,"column":null}},"5":{"start":{"line":10,"column":34},"end":{"line":13,"column":null}}},"fnMap":{"0":{"name":"RootLayout","decl":{"start":{"line":15,"column":24},"end":{"line":15,"column":35}},"loc":{"start":{"line":19,"column":1},"end":{"line":25,"column":1}}}},"branchMap":{},"s":{"0":0,"1":0,"2":0,"3":0,"4":0,"5":0},"f":{"0":0},"b":{}}
,"C:\\dev\\capit\\capit-web\\app\\page.tsx": {"path":"C:\\dev\\capit\\capit-web\\app\\page.tsx","statementMap":{"0":{"start":{"line":8,"column":24},"end":{"line":8,"column":null}},"1":{"start":{"line":1,"column":23},"end":{"line":1,"column":null}},"2":{"start":{"line":2,"column":21},"end":{"line":2,"column":null}},"3":{"start":{"line":3,"column":31},"end":{"line":3,"column":null}},"4":{"start":{"line":4,"column":35},"end":{"line":4,"column":null}},"5":{"start":{"line":5,"column":19},"end":{"line":5,"column":null}},"6":{"start":{"line":6,"column":35},"end":{"line":6,"column":null}},"7":{"start":{"line":9,"column":44},"end":{"line":9,"column":null}}},"fnMap":{"0":{"name":"Home","decl":{"start":{"line":8,"column":24},"end":{"line":8,"column":null}},"loc":{"start":{"line":8,"column":24},"end":{"line":20,"column":null}}}},"branchMap":{},"s":{"0":0,"1":0,"2":0,"3":0,"4":0,"5":0,"6":0,"7":0},"f":{"0":0},"b":{}}
,"C:\\dev\\capit\\capit-web\\components\\CtaGroup.tsx": {"path":"C:\\dev\\capit\\capit-web\\components\\CtaGroup.tsx","statementMap":{"0":{"start":{"line":10,"column":16},"end":{"line":10,"column":25}},"1":{"start":{"line":3,"column":31},"end":{"line":3,"column":null}},"2":{"start":{"line":4,"column":34},"end":{"line":4,"column":null}},"3":{"start":{"line":18,"column":6},"end":{"line":18,"column":null}}},"fnMap":{"0":{"name":"CtaGroup","decl":{"start":{"line":10,"column":16},"end":{"line":10,"column":25}},"loc":{"start":{"line":10,"column":50},"end":{"line":40,"column":null}}}},"branchMap":{"0":{"loc":{"start":{"line":26,"column":9},"end":{"line":26,"column":null}},"type":"cond-expr","locations":[{"start":{"line":26,"column":23},"end":{"line":26,"column":38}},{"start":{"line":26,"column":38},"end":{"line":26,"column":null}}]},"1":{"loc":{"start":{"line":26,"column":38},"end":{"line":26,"column":null}},"type":"cond-expr","locations":[{"start":{"line":26,"column":53},"end":{"line":26,"column":71}},{"start":{"line":26,"column":71},"end":{"line":26,"column":null}}]},"2":{"loc":{"start":{"line":28,"column":7},"end":{"line":32,"column":null}},"type":"cond-expr","locations":[{"start":{"line":29,"column":8},"end":{"line":32,"column":null}},{"start":{"line":32,"column":10},"end":{"line":32,"column":null}}]},"3":{"loc":{"start":{"line":33,"column":7},"end":{"line":37,"column":null}},"type":"cond-expr","locations":[{"start":{"line":34,"column":8},"end":{"line":37,"column":null}},{"start":{"line":37,"column":10},"end":{"line":37,"column":null}}]}},"s":{"0":0,"1":0,"2":0,"3":0},"f":{"0":0},"b":{"0":[0,0],"1":[0,0],"2":[0,0],"3":[0,0]}}
,"C:\\dev\\capit\\capit-web\\components\\daily-mint-log.tsx": {"path":"C:\\dev\\capit\\capit-web\\components\\daily-mint-log.tsx","statementMap":{"0":{"start":{"line":10,"column":16},"end":{"line":10,"column":29}},"1":{"start":{"line":3,"column":42},"end":{"line":3,"column":null}},"2":{"start":{"line":38,"column":10},"end":{"line":39,"column":null}}},"fnMap":{"0":{"name":"DailyMintLog","decl":{"start":{"line":10,"column":16},"end":{"line":10,"column":29}},"loc":{"start":{"line":10,"column":59},"end":{"line":66,"column":null}}},"1":{"name":"(anonymous_2)","decl":{"start":{"line":37,"column":29},"end":{"line":37,"column":30}},"loc":{"start":{"line":38,"column":10},"end":{"line":39,"column":null}}}},"branchMap":{},"s":{"0":0,"1":0,"2":0},"f":{"0":0,"1":0},"b":{}}
,"C:\\dev\\capit\\capit-web\\components\\educational-card.tsx": {"path":"C:\\dev\\capit\\capit-web\\components\\educational-card.tsx","statementMap":{"0":{"start":{"line":8,"column":16},"end":{"line":8,"column":32}},"1":{"start":{"line":1,"column":18},"end":{"line":1,"column":null}},"2":{"start":{"line":2,"column":17},"end":{"line":2,"column":null}},"3":{"start":{"line":3,"column":27},"end":{"line":3,"column":null}}},"fnMap":{"0":{"name":"EducationalCard","decl":{"start":{"line":8,"column":16},"end":{"line":8,"column":32}},"loc":{"start":{"line":15,"column":23},"end":{"line":45,"column":null}}}},"branchMap":{},"s":{"0":25,"1":2,"2":2,"3":2},"f":{"0":25},"b":{}}
,"C:\\dev\\capit\\capit-web\\components\\educational-section.tsx": {"path":"C:\\dev\\capit\\capit-web\\components\\educational-section.tsx","statementMap":{"0":{"start":{"line":8,"column":16},"end":{"line":8,"column":35}},"1":{"start":{"line":1,"column":32},"end":{"line":1,"column":null}},"2":{"start":{"line":14,"column":12},"end":{"line":14,"column":42}}},"fnMap":{"0":{"name":"EducationalSection","decl":{"start":{"line":8,"column":16},"end":{"line":8,"column":35}},"loc":{"start":{"line":8,"column":69},"end":{"line":20,"column":null}}},"1":{"name":"(anonymous_2)","decl":{"start":{"line":13,"column":21},"end":{"line":13,"column":22}},"loc":{"start":{"line":14,"column":12},"end":{"line":14,"column":42}}}},"branchMap":{},"s":{"0":6,"1":1,"2":15},"f":{"0":6,"1":15},"b":{}}
,"C:\\dev\\capit\\capit-web\\components\\footer.tsx": {"path":"C:\\dev\\capit\\capit-web\\components\\footer.tsx","statementMap":{"0":{"start":{"line":67,"column":24},"end":{"line":67,"column":31}},"1":{"start":{"line":3,"column":17},"end":{"line":3,"column":null}},"2":{"start":{"line":4,"column":36},"end":{"line":4,"column":null}},"3":{"start":{"line":5,"column":36},"end":{"line":5,"column":null}},"4":{"start":{"line":7,"column":34},"end":{"line":7,"column":null}},"5":{"start":{"line":15,"column":2},"end":{"line":15,"column":null}},"6":{"start":{"line":19,"column":16},"end":{"line":19,"column":null}},"7":{"start":{"line":20,"column":2},"end":{"line":20,"column":null}},"8":{"start":{"line":24,"column":2},"end":{"line":24,"column":null}},"9":{"start":{"line":28,"column":2},"end":{"line":37,"column":null}},"10":{"start":{"line":39,"column":2},"end":{"line":48,"column":null}},"11":{"start":{"line":50,"column":2},"end":{"line":52,"column":null}},"12":{"start":{"line":58,"column":2},"end":{"line":58,"column":null}},"13":{"start":{"line":58,"column":17},"end":{"line":58,"column":null}},"14":{"start":{"line":59,"column":2},"end":{"line":59,"column":null}},"15":{"start":{"line":59,"column":24},"end":{"line":59,"column":null}},"16":{"start":{"line":60,"column":2},"end":{"line":60,"column":null}},"17":{"start":{"line":64,"column":2},"end":{"line":64,"column":null}},"18":{"start":{"line":68,"column":32},"end":{"line":68,"column":null}},"19":{"start":{"line":70,"column":2},"end":{"line":72,"column":null}},"20":{"start":{"line":71,"column":4},"end":{"line":71,"column":null}},"21":{"start":{"line":74,"column":22},"end":{"line":74,"column":null}},"22":{"start":{"line":83,"column":6},"end":{"line":83,"column":null}},"23":{"start":{"line":85,"column":28},"end":{"line":91,"column":null}},"24":{"start":{"line":133,"column":29},"end":{"line":133,"column":38}},"25":{"start":{"line":134,"column":33},"end":{"line":134,"column":null}},"26":{"start":{"line":136,"column":16},"end":{"line":138,"column":null}},"27":{"start":{"line":157,"column":14},"end":{"line":157,"column":55}},"28":{"start":{"line":167,"column":14},"end":{"line":167,"column":55}}},"fnMap":{"0":{"name":"isX","decl":{"start":{"line":14,"column":9},"end":{"line":14,"column":13}},"loc":{"start":{"line":14,"column":29},"end":{"line":16,"column":null}}},"1":{"name":"isLinkedIn","decl":{"start":{"line":18,"column":9},"end":{"line":18,"column":20}},"loc":{"start":{"line":18,"column":36},"end":{"line":21,"column":null}}},"2":{"name":"shouldShowSocial","decl":{"start":{"line":23,"column":9},"end":{"line":23,"column":26}},"loc":{"start":{"line":23,"column":42},"end":{"line":25,"column":null}}},"3":{"name":"SocialIcon","decl":{"start":{"line":27,"column":9},"end":{"line":27,"column":20}},"loc":{"start":{"line":27,"column":50},"end":{"line":55,"column":null}}},"4":{"name":"socialLabel","decl":{"start":{"line":57,"column":9},"end":{"line":57,"column":21}},"loc":{"start":{"line":57,"column":37},"end":{"line":61,"column":null}}},"5":{"name":"isExternal","decl":{"start":{"line":63,"column":9},"end":{"line":63,"column":20}},"loc":{"start":{"line":63,"column":32},"end":{"line":65,"column":null}}},"6":{"name":"Footer","decl":{"start":{"line":67,"column":24},"end":{"line":67,"column":31}},"loc":{"start":{"line":67,"column":61},"end":{"line":178,"column":null}}},"7":{"name":"(anonymous_9)","decl":{"start":{"line":70,"column":12},"end":{"line":70,"column":null}},"loc":{"start":{"line":70,"column":12},"end":{"line":72,"column":5}}},"8":{"name":"(anonymous_10)","decl":{"start":{"line":132,"column":31},"end":{"line":132,"column":32}},"loc":{"start":{"line":132,"column":38},"end":{"line":149,"column":null}}},"9":{"name":"(anonymous_11)","decl":{"start":{"line":156,"column":36},"end":{"line":156,"column":37}},"loc":{"start":{"line":157,"column":14},"end":{"line":157,"column":55}}},"10":{"name":"(anonymous_12)","decl":{"start":{"line":166,"column":36},"end":{"line":166,"column":37}},"loc":{"start":{"line":167,"column":14},"end":{"line":167,"column":55}}}},"branchMap":{"0":{"loc":{"start":{"line":24,"column":9},"end":{"line":24,"column":null}},"type":"binary-expr","locations":[{"start":{"line":24,"column":9},"end":{"line":24,"column":22}},{"start":{"line":24,"column":22},"end":{"line":24,"column":null}}]},"1":{"loc":{"start":{"line":28,"column":2},"end":{"line":37,"column":null}},"type":"if","locations":[{"start":{"line":28,"column":2},"end":{"line":37,"column":null}},{"start":{},"end":{}}]},"2":{"loc":{"start":{"line":39,"column":2},"end":{"line":48,"column":null}},"type":"if","locations":[{"start":{"line":39,"column":2},"end":{"line":48,"column":null}},{"start":{},"end":{}}]},"3":{"loc":{"start":{"line":50,"column":2},"end":{"line":52,"column":null}},"type":"if","locations":[{"start":{"line":50,"column":2},"end":{"line":52,"column":null}},{"start":{},"end":{}}]},"4":{"loc":{"start":{"line":58,"column":2},"end":{"line":58,"column":null}},"type":"if","locations":[{"start":{"line":58,"column":2},"end":{"line":58,"column":null}},{"start":{},"end":{}}]},"5":{"loc":{"start":{"line":59,"column":2},"end":{"line":59,"column":null}},"type":"if","locations":[{"start":{"line":59,"column":2},"end":{"line":59,"column":null}},{"start":{},"end":{}}]},"6":{"loc":{"start":{"line":60,"column":9},"end":{"line":60,"column":40}},"type":"binary-expr","locations":[{"start":{"line":60,"column":9},"end":{"line":60,"column":23}},{"start":{"line":60,"column":27},"end":{"line":60,"column":40}}]},"7":{"loc":{"start":{"line":64,"column":9},"end":{"line":64,"column":null}},"type":"binary-expr","locations":[{"start":{"line":64,"column":9},"end":{"line":64,"column":39}},{"start":{"line":64,"column":39},"end":{"line":64,"column":null}}]},"8":{"loc":{"start":{"line":74,"column":23},"end":{"line":74,"column":48}},"type":"binary-expr","locations":[{"start":{"line":74,"column":23},"end":{"line":74,"column":42}},{"start":{"line":74,"column":46},"end":{"line":74,"column":48}}]},"9":{"loc":{"start":{"line":85,"column":28},"end":{"line":91,"column":null}},"type":"cond-expr","locations":[{"start":{"line":86,"column":7},"end":{"line":86,"column":null}},{"start":{"line":87,"column":6},"end":{"line":91,"column":null}}]},"10":{"loc":{"start":{"line":86,"column":7},"end":{"line":86,"column":null}},"type":"binary-expr","locations":[{"start":{"line":86,"column":7},"end":{"line":86,"column":38}},{"start":{"line":86,"column":38},"end":{"line":86,"column":null}}]},"11":{"loc":{"start":{"line":87,"column":6},"end":{"line":91,"column":null}},"type":"cond-expr","locations":[{"start":{"line":88,"column":6},"end":{"line":88,"column":null}},{"start":{"line":89,"column":6},"end":{"line":91,"column":null}}]},"12":{"loc":{"start":{"line":89,"column":6},"end":{"line":91,"column":null}},"type":"cond-expr","locations":[{"start":{"line":90,"column":6},"end":{"line":90,"column":null}},{"start":{"line":91,"column":7},"end":{"line":91,"column":null}}]},"13":{"loc":{"start":{"line":91,"column":7},"end":{"line":91,"column":null}},"type":"binary-expr","locations":[{"start":{"line":91,"column":7},"end":{"line":91,"column":38}},{"start":{"line":91,"column":38},"end":{"line":91,"column":null}}]},"14":{"loc":{"start":{"line":107,"column":23},"end":{"line":107,"column":null}},"type":"cond-expr","locations":[{"start":{"line":107,"column":33},"end":{"line":107,"column":49}},{"start":{"line":107,"column":49},"end":{"line":107,"column":null}}]},"15":{"loc":{"start":{"line":108,"column":24},"end":{"line":108,"column":null}},"type":"binary-expr","locations":[{"start":{"line":108,"column":24},"end":{"line":108,"column":36}},{"start":{"line":108,"column":36},"end":{"line":108,"column":null}}]},"16":{"loc":{"start":{"line":114,"column":13},"end":{"line":123,"column":null}},"type":"cond-expr","locations":[{"start":{"line":115,"column":14},"end":{"line":123,"column":null}},{"start":{"line":123,"column":16},"end":{"line":123,"column":null}}]},"17":{"loc":{"start":{"line":114,"column":13},"end":{"line":114,"column":null}},"type":"binary-expr","locations":[{"start":{"line":114,"column":13},"end":{"line":114,"column":24}},{"start":{"line":114,"column":24},"end":{"line":114,"column":null}}]},"18":{"loc":{"start":{"line":125,"column":13},"end":{"line":129,"column":null}},"type":"cond-expr","locations":[{"start":{"line":126,"column":14},"end":{"line":129,"column":null}},{"start":{"line":129,"column":16},"end":{"line":129,"column":null}}]},"19":{"loc":{"start":{"line":125,"column":13},"end":{"line":125,"column":null}},"type":"binary-expr","locations":[{"start":{"line":125,"column":13},"end":{"line":125,"column":24}},{"start":{"line":125,"column":24},"end":{"line":125,"column":null}}]},"20":{"loc":{"start":{"line":140,"column":28},"end":{"line":140,"column":null}},"type":"cond-expr","locations":[{"start":{"line":140,"column":39},"end":{"line":140,"column":50}},{"start":{"line":140,"column":50},"end":{"line":140,"column":null}}]},"21":{"loc":{"start":{"line":141,"column":25},"end":{"line":141,"column":null}},"type":"cond-expr","locations":[{"start":{"line":141,"column":36},"end":{"line":141,"column":60}},{"start":{"line":141,"column":60},"end":{"line":141,"column":null}}]},"22":{"loc":{"start":{"line":154,"column":9},"end":{"line":162,"column":null}},"type":"cond-expr","locations":[{"start":{"line":155,"column":10},"end":{"line":162,"column":null}},{"start":{"line":162,"column":12},"end":{"line":162,"column":null}}]},"23":{"loc":{"start":{"line":164,"column":9},"end":{"line":172,"column":null}},"type":"cond-expr","locations":[{"start":{"line":165,"column":10},"end":{"line":172,"column":null}},{"start":{"line":172,"column":12},"end":{"line":172,"column":null}}]}},"s":{"0":0,"1":0,"2":0,"3":0,"4":0,"5":0,"6":0,"7":0,"8":0,"9":0,"10":0,"11":0,"12":0,"13":0,"14":0,"15":0,"16":0,"17":0,"18":0,"19":0,"20":0,"21":0,"22":0,"23":0,"24":0,"25":0,"26":0,"27":0,"28":0},"f":{"0":0,"1":0,"2":0,"3":0,"4":0,"5":0,"6":0,"7":0,"8":0,"9":0,"10":0},"b":{"0":[0,0],"1":[0,0],"2":[0,0],"3":[0,0],"4":[0,0],"5":[0,0],"6":[0,0],"7":[0,0],"8":[0,0],"9":[0,0],"10":[0,0],"11":[0,0],"12":[0,0],"13":[0,0],"14":[0,0],"15":[0,0],"16":[0,0],"17":[0,0],"18":[0,0],"19":[0,0],"20":[0,0],"21":[0,0],"22":[0,0],"23":[0,0]}}
,"C:\\dev\\capit\\capit-web\\components\\header.tsx": {"path":"C:\\dev\\capit\\capit-web\\components\\header.tsx","statementMap":{"0":{"start":{"line":9,"column":16},"end":{"line":9,"column":23}},"1":{"start":{"line":1,"column":17},"end":{"line":1,"column":null}},"2":{"start":{"line":3,"column":31},"end":{"line":3,"column":null}},"3":{"start":{"line":30,"column":12},"end":{"line":31,"column":null}}},"fnMap":{"0":{"name":"Header","decl":{"start":{"line":9,"column":16},"end":{"line":9,"column":23}},"loc":{"start":{"line":9,"column":47},"end":{"line":56,"column":null}}},"1":{"name":"(anonymous_3)","decl":{"start":{"line":29,"column":34},"end":{"line":29,"column":35}},"loc":{"start":{"line":30,"column":12},"end":{"line":31,"column":null}}}},"branchMap":{},"s":{"0":6,"1":1,"2":1,"3":18},"f":{"0":6,"1":18},"b":{}}
,"C:\\dev\\capit\\capit-web\\components\\hero.tsx": {"path":"C:\\dev\\capit\\capit-web\\components\\hero.tsx","statementMap":{"0":{"start":{"line":9,"column":16},"end":{"line":9,"column":21}},"1":{"start":{"line":1,"column":18},"end":{"line":1,"column":null}},"2":{"start":{"line":2,"column":17},"end":{"line":2,"column":null}}},"fnMap":{"0":{"name":"Hero","decl":{"start":{"line":9,"column":16},"end":{"line":9,"column":21}},"loc":{"start":{"line":9,"column":43},"end":{"line":50,"column":null}}}},"branchMap":{},"s":{"0":8,"1":1,"2":1},"f":{"0":8},"b":{}}
,"C:\\dev\\capit\\capit-web\\components\\plugging-trend-card.tsx": {"path":"C:\\dev\\capit\\capit-web\\components\\plugging-trend-card.tsx","statementMap":{"0":{"start":{"line":7,"column":16},"end":{"line":7,"column":34}},"1":{"start":{"line":8,"column":19},"end":{"line":8,"column":null}},"2":{"start":{"line":8,"column":60},"end":{"line":8,"column":67}},"3":{"start":{"line":19,"column":10},"end":{"line":20,"column":null}},"4":{"start":{"line":59,"column":12},"end":{"line":60,"column":null}}},"fnMap":{"0":{"name":"PluggingTrendCard","decl":{"start":{"line":7,"column":16},"end":{"line":7,"column":34}},"loc":{"start":{"line":7,"column":69},"end":{"line":90,"column":null}}},"1":{"name":"(anonymous_2)","decl":{"start":{"line":8,"column":53},"end":{"line":8,"column":54}},"loc":{"start":{"line":8,"column":60},"end":{"line":8,"column":67}}},"2":{"name":"(anonymous_3)","decl":{"start":{"line":18,"column":31},"end":{"line":18,"column":32}},"loc":{"start":{"line":19,"column":10},"end":{"line":20,"column":null}}},"3":{"name":"(anonymous_4)","decl":{"start":{"line":58,"column":38},"end":{"line":58,"column":39}},"loc":{"start":{"line":59,"column":12},"end":{"line":60,"column":null}}}},"branchMap":{},"s":{"0":0,"1":0,"2":0,"3":0,"4":0},"f":{"0":0,"1":0,"2":0,"3":0},"b":{}}
,"C:\\dev\\capit\\capit-web\\components\\state-leaderboard.tsx": {"path":"C:\\dev\\capit\\capit-web\\components\\state-leaderboard.tsx","statementMap":{"0":{"start":{"line":9,"column":16},"end":{"line":9,"column":33}},"1":{"start":{"line":1,"column":17},"end":{"line":1,"column":null}},"2":{"start":{"line":2,"column":38},"end":{"line":2,"column":null}},"3":{"start":{"line":18,"column":10},"end":{"line":19,"column":null}}},"fnMap":{"0":{"name":"StateLeaderboard","decl":{"start":{"line":9,"column":16},"end":{"line":9,"column":33}},"loc":{"start":{"line":9,"column":67},"end":{"line":54,"column":null}}},"1":{"name":"(anonymous_3)","decl":{"start":{"line":17,"column":29},"end":{"line":17,"column":30}},"loc":{"start":{"line":18,"column":10},"end":{"line":19,"column":null}}}},"branchMap":{},"s":{"0":0,"1":0,"2":0,"3":0},"f":{"0":0,"1":0},"b":{}}
,"C:\\dev\\capit\\capit-web\\components\\stats-card.tsx": {"path":"C:\\dev\\capit\\capit-web\\components\\stats-card.tsx","statementMap":{"0":{"start":{"line":3,"column":16},"end":{"line":3,"column":26}}},"fnMap":{"0":{"name":"StatsCard","decl":{"start":{"line":3,"column":16},"end":{"line":3,"column":26}},"loc":{"start":{"line":3,"column":70},"end":{"line":11,"column":null}}}},"branchMap":{},"s":{"0":6},"f":{"0":6},"b":{}}
,"C:\\dev\\capit\\capit-web\\components\\stats-dashboard.tsx": {"path":"C:\\dev\\capit\\capit-web\\components\\stats-dashboard.tsx","statementMap":{"0":{"start":{"line":10,"column":16},"end":{"line":10,"column":31}},"1":{"start":{"line":1,"column":26},"end":{"line":1,"column":null}},"2":{"start":{"line":2,"column":29},"end":{"line":2,"column":null}},"3":{"start":{"line":3,"column":33},"end":{"line":3,"column":null}},"4":{"start":{"line":30,"column":35},"end":{"line":30,"column":null}},"5":{"start":{"line":30,"column":88},"end":{"line":30,"column":95}},"6":{"start":{"line":31,"column":18},"end":{"line":33,"column":null}},"7":{"start":{"line":52,"column":20},"end":{"line":52,"column":37}},"8":{"start":{"line":70,"column":12},"end":{"line":70,"column":29}}},"fnMap":{"0":{"name":"StatsDashboard","decl":{"start":{"line":10,"column":16},"end":{"line":10,"column":31}},"loc":{"start":{"line":10,"column":63},"end":{"line":112,"column":null}}},"1":{"name":"(anonymous_2)","decl":{"start":{"line":29,"column":65},"end":{"line":29,"column":66}},"loc":{"start":{"line":29,"column":72},"end":{"line":38,"column":null}}},"2":{"name":"(anonymous_3)","decl":{"start":{"line":30,"column":83},"end":{"line":30,"column":88}},"loc":{"start":{"line":30,"column":88},"end":{"line":30,"column":95}}},"3":{"name":"(anonymous_4)","decl":{"start":{"line":51,"column":72},"end":{"line":51,"column":73}},"loc":{"start":{"line":52,"column":20},"end":{"line":52,"column":37}}},"4":{"name":"(anonymous_5)","decl":{"start":{"line":69,"column":34},"end":{"line":69,"column":35}},"loc":{"start":{"line":70,"column":12},"end":{"line":70,"column":29}}}},"branchMap":{},"s":{"0":0,"1":0,"2":0,"3":0,"4":0,"5":0,"6":0,"7":0,"8":0},"f":{"0":0,"1":0,"2":0,"3":0,"4":0},"b":{}}
,"C:\\dev\\capit\\capit-web\\lib\\content.ts": {"path":"C:\\dev\\capit\\capit-web\\lib\\content.ts","statementMap":{"0":{"start":{"line":21,"column":16},"end":{"line":21,"column":35}},"1":{"start":{"line":25,"column":16},"end":{"line":25,"column":32}},"2":{"start":{"line":30,"column":16},"end":{"line":30,"column":34}},"3":{"start":{"line":17,"column":16},"end":{"line":17,"column":30}},"4":{"start":{"line":13,"column":16},"end":{"line":13,"column":30}},"5":{"start":{"line":8,"column":21},"end":{"line":8,"column":null}},"6":{"start":{"line":9,"column":21},"end":{"line":9,"column":null}},"7":{"start":{"line":10,"column":26},"end":{"line":10,"column":null}},"8":{"start":{"line":11,"column":23},"end":{"line":11,"column":null}},"9":{"start":{"line":14,"column":2},"end":{"line":14,"column":null}},"10":{"start":{"line":18,"column":2},"end":{"line":18,"column":null}},"11":{"start":{"line":22,"column":2},"end":{"line":22,"column":null}},"12":{"start":{"line":26,"column":2},"end":{"line":26,"column":null}},"13":{"start":{"line":31,"column":2},"end":{"line":36,"column":null}}},"fnMap":{"0":{"name":"getSiteContent","decl":{"start":{"line":13,"column":16},"end":{"line":13,"column":30}},"loc":{"start":{"line":13,"column":16},"end":{"line":15,"column":null}}},"1":{"name":"getHomeContent","decl":{"start":{"line":17,"column":16},"end":{"line":17,"column":30}},"loc":{"start":{"line":17,"column":16},"end":{"line":19,"column":null}}},"2":{"name":"getDashboardContent","decl":{"start":{"line":21,"column":16},"end":{"line":21,"column":35}},"loc":{"start":{"line":21,"column":16},"end":{"line":23,"column":null}}},"3":{"name":"getFooterContent","decl":{"start":{"line":25,"column":16},"end":{"line":25,"column":32}},"loc":{"start":{"line":25,"column":16},"end":{"line":27,"column":null}}},"4":{"name":"getFullPageContent","decl":{"start":{"line":30,"column":16},"end":{"line":30,"column":34}},"loc":{"start":{"line":30,"column":16},"end":{"line":37,"column":null}}}},"branchMap":{},"s":{"0":6,"1":3,"2":2,"3":3,"4":3,"5":1,"6":1,"7":1,"8":1,"9":5,"10":5,"11":8,"12":5,"13":2},"f":{"0":5,"1":5,"2":8,"3":5,"4":2},"b":{}}
,"C:\\dev\\capit\\capit-web\\lib\\config\\cta.ts": {"path":"C:\\dev\\capit\\capit-web\\lib\\config\\cta.ts","statementMap":{"0":{"start":{"line":79,"column":13},"end":{"line":79,"column":23}},"1":{"start":{"line":70,"column":13},"end":{"line":70,"column":26}},"2":{"start":{"line":75,"column":16},"end":{"line":75,"column":30}},"3":{"start":{"line":11,"column":28},"end":{"line":11,"column":null}},"4":{"start":{"line":23,"column":58},"end":{"line":38,"column":null}},"5":{"start":{"line":41,"column":16},"end":{"line":41,"column":null}},"6":{"start":{"line":42,"column":2},"end":{"line":42,"column":null}},"7":{"start":{"line":46,"column":2},"end":{"line":48,"column":null}},"8":{"start":{"line":47,"column":4},"end":{"line":47,"column":null}},"9":{"start":{"line":50,"column":26},"end":{"line":50,"column":null}},"10":{"start":{"line":51,"column":2},"end":{"line":53,"column":null}},"11":{"start":{"line":52,"column":4},"end":{"line":52,"column":null}},"12":{"start":{"line":55,"column":2},"end":{"line":64,"column":null}},"13":{"start":{"line":56,"column":22},"end":{"line":56,"column":null}},"14":{"start":{"line":57,"column":4},"end":{"line":59,"column":null}},"15":{"start":{"line":58,"column":6},"end":{"line":58,"column":null}},"16":{"start":{"line":61,"column":4},"end":{"line":61,"column":null}},"17":{"start":{"line":63,"column":4},"end":{"line":63,"column":null}},"18":{"start":{"line":67,"column":20},"end":{"line":67,"column":49}},"19":{"start":{"line":68,"column":27},"end":{"line":68,"column":126}},"20":{"start":{"line":70,"column":29},"end":{"line":72,"column":null}},"21":{"start":{"line":76,"column":2},"end":{"line":76,"column":null}},"22":{"start":{"line":79,"column":26},"end":{"line":90,"column":null}}},"fnMap":{"0":{"name":"getBaseNetwork","decl":{"start":{"line":40,"column":9},"end":{"line":40,"column":null}},"loc":{"start":{"line":40,"column":9},"end":{"line":43,"column":null}}},"1":{"name":"sanitizeBuyCapitUrl","decl":{"start":{"line":45,"column":9},"end":{"line":45,"column":29}},"loc":{"start":{"line":45,"column":75},"end":{"line":65,"column":null}}},"2":{"name":"getBuyCapitUrl","decl":{"start":{"line":75,"column":16},"end":{"line":75,"column":30}},"loc":{"start":{"line":75,"column":16},"end":{"line":77,"column":null}}}},"branchMap":{"0":{"loc":{"start":{"line":42,"column":9},"end":{"line":42,"column":null}},"type":"cond-expr","locations":[{"start":{"line":42,"column":31},"end":{"line":42,"column":43}},{"start":{"line":42,"column":43},"end":{"line":42,"column":null}}]},"1":{"loc":{"start":{"line":46,"column":2},"end":{"line":48,"column":null}},"type":"if","locations":[{"start":{"line":46,"column":2},"end":{"line":48,"column":null}},{"start":{},"end":{}}]},"2":{"loc":{"start":{"line":51,"column":2},"end":{"line":53,"column":null}},"type":"if","locations":[{"start":{"line":51,"column":2},"end":{"line":53,"column":null}},{"start":{},"end":{}}]},"3":{"loc":{"start":{"line":57,"column":4},"end":{"line":59,"column":null}},"type":"if","locations":[{"start":{"line":57,"column":4},"end":{"line":59,"column":null}},{"start":{},"end":{}}]},"4":{"loc":{"start":{"line":57,"column":8},"end":{"line":57,"column":75}},"type":"binary-expr","locations":[{"start":{"line":57,"column":8},"end":{"line":57,"column":42}},{"start":{"line":57,"column":42},"end":{"line":57,"column":75}}]}},"s":{"0":0,"1":0,"2":0,"3":0,"4":0,"5":0,"6":0,"7":0,"8":0,"9":0,"10":0,"11":0,"12":0,"13":0,"14":0,"15":0,"16":0,"17":0,"18":0,"19":0,"20":0,"21":0,"22":0},"f":{"0":0,"1":0,"2":0},"b":{"0":[0,0],"1":[0,0],"2":[0,0],"3":[0,0],"4":[0,0]}}
,"C:\\dev\\capit\\capit-web\\lib\\wallet\\useInjectedWallet.ts": {"path":"C:\\dev\\capit\\capit-web\\lib\\wallet\\useInjectedWallet.ts","statementMap":{"0":{"start":{"line":67,"column":16},"end":{"line":67,"column":null}},"1":{"start":{"line":3,"column":58},"end":{"line":3,"column":null}},"2":{"start":{"line":4,"column":27},"end":{"line":4,"column":null}},"3":{"start":{"line":21,"column":2},"end":{"line":21,"column":null}},"4":{"start":{"line":25,"column":2},"end":{"line":25,"column":null}},"5":{"start":{"line":25,"column":37},"end":{"line":25,"column":null}},"6":{"start":{"line":27,"column":19},"end":{"line":27,"column":34}},"7":{"start":{"line":28,"column":2},"end":{"line":28,"column":null}},"8":{"start":{"line":28,"column":17},"end":{"line":28,"column":null}},"9":{"start":{"line":30,"column":2},"end":{"line":33,"column":null}},"10":{"start":{"line":31,"column":29},"end":{"line":31,"column":null}},"11":{"start":{"line":31,"column":67},"end":{"line":31,"column":86}},"12":{"start":{"line":32,"column":4},"end":{"line":32,"column":null}},"13":{"start":{"line":35,"column":2},"end":{"line":35,"column":null}},"14":{"start":{"line":39,"column":2},"end":{"line":64,"column":null}},"15":{"start":{"line":40,"column":4},"end":{"line":43,"column":null}},"16":{"start":{"line":45,"column":17},"end":{"line":45,"column":50}},"17":{"start":{"line":47,"column":4},"end":{"line":61,"column":null}},"18":{"start":{"line":48,"column":6},"end":{"line":59,"column":null}},"19":{"start":{"line":60,"column":6},"end":{"line":60,"column":null}},"20":{"start":{"line":63,"column":4},"end":{"line":63,"column":null}},"21":{"start":{"line":68,"column":32},"end":{"line":68,"column":null}},"22":{"start":{"line":69,"column":42},"end":{"line":69,"column":null}},"23":{"start":{"line":70,"column":28},"end":{"line":70,"column":null}},"24":{"start":{"line":71,"column":32},"end":{"line":71,"column":null}},"25":{"start":{"line":73,"column":2},"end":{"line":75,"column":null}},"26":{"start":{"line":74,"column":4},"end":{"line":74,"column":null}},"27":{"start":{"line":77,"column":23},"end":{"line":80,"column":null}},"28":{"start":{"line":78,"column":22},"end":{"line":78,"column":null}},"29":{"start":{"line":79,"column":4},"end":{"line":79,"column":null}},"30":{"start":{"line":82,"column":24},"end":{"line":112,"column":null}},"31":{"start":{"line":83,"column":21},"end":{"line":83,"column":null}},"32":{"start":{"line":85,"column":4},"end":{"line":88,"column":null}},"33":{"start":{"line":86,"column":6},"end":{"line":86,"column":null}},"34":{"start":{"line":87,"column":6},"end":{"line":87,"column":null}},"35":{"start":{"line":90,"column":4},"end":{"line":90,"column":null}},"36":{"start":{"line":91,"column":4},"end":{"line":91,"column":null}},"37":{"start":{"line":93,"column":4},"end":{"line":111,"column":null}},"38":{"start":{"line":94,"column":23},"end":{"line":94,"column":null}},"39":{"start":{"line":96,"column":6},"end":{"line":98,"column":null}},"40":{"start":{"line":97,"column":8},"end":{"line":97,"column":null}},"41":{"start":{"line":100,"column":24},"end":{"line":102,"column":null}},"42":{"start":{"line":104,"column":6},"end":{"line":104,"column":null}},"43":{"start":{"line":107,"column":8},"end":{"line":107,"column":null}},"44":{"start":{"line":108,"column":6},"end":{"line":108,"column":null}},"45":{"start":{"line":110,"column":6},"end":{"line":110,"column":null}},"46":{"start":{"line":114,"column":2},"end":{"line":144,"column":null}},"47":{"start":{"line":115,"column":21},"end":{"line":115,"column":null}},"48":{"start":{"line":116,"column":4},"end":{"line":118,"column":null}},"49":{"start":{"line":117,"column":6},"end":{"line":117,"column":null}},"50":{"start":{"line":120,"column":30},"end":{"line":126,"column":null}},"51":{"start":{"line":121,"column":6},"end":{"line":125,"column":null}},"52":{"start":{"line":122,"column":8},"end":{"line":122,"column":null}},"53":{"start":{"line":124,"column":8},"end":{"line":124,"column":null}},"54":{"start":{"line":128,"column":27},"end":{"line":134,"column":null}},"55":{"start":{"line":129,"column":6},"end":{"line":133,"column":null}},"56":{"start":{"line":130,"column":8},"end":{"line":130,"column":null}},"57":{"start":{"line":132,"column":8},"end":{"line":132,"column":null}},"58":{"start":{"line":136,"column":4},"end":{"line":136,"column":null}},"59":{"start":{"line":137,"column":4},"end":{"line":137,"column":null}},"60":{"start":{"line":138,"column":4},"end":{"line":138,"column":null}},"61":{"start":{"line":140,"column":4},"end":{"line":143,"column":null}},"62":{"start":{"line":141,"column":6},"end":{"line":141,"column":null}},"63":{"start":{"line":142,"column":6},"end":{"line":142,"column":null}},"64":{"start":{"line":146,"column":2},"end":{"line":153,"column":null}},"65":{"start":{"line":149,"column":33},"end":{"line":149,"column":75}}},"fnMap":{"0":{"name":"truncateAddress","decl":{"start":{"line":20,"column":9},"end":{"line":20,"column":25}},"loc":{"start":{"line":20,"column":40},"end":{"line":22,"column":null}}},"1":{"name":"getInjectedProvider","decl":{"start":{"line":24,"column":9},"end":{"line":24,"column":null}},"loc":{"start":{"line":24,"column":9},"end":{"line":36,"column":null}}},"2":{"name":"(anonymous_3)","decl":{"start":{"line":31,"column":53},"end":{"line":31,"column":54}},"loc":{"start":{"line":31,"column":67},"end":{"line":31,"column":86}}},"3":{"name":"switchToBase","decl":{"start":{"line":38,"column":15},"end":{"line":38,"column":28}},"loc":{"start":{"line":38,"column":54},"end":{"line":65,"column":null}}},"4":{"name":"useInjectedWallet","decl":{"start":{"line":67,"column":16},"end":{"line":67,"column":null}},"loc":{"start":{"line":67,"column":16},"end":{"line":154,"column":null}}},"5":{"name":"(anonymous_6)","decl":{"start":{"line":73,"column":12},"end":{"line":73,"column":null}},"loc":{"start":{"line":73,"column":12},"end":{"line":75,"column":5}}},"6":{"name":"(anonymous_7)","decl":{"start":{"line":77,"column":35},"end":{"line":77,"column":42}},"loc":{"start":{"line":77,"column":42},"end":{"line":80,"column":5}}},"7":{"name":"(anonymous_8)","decl":{"start":{"line":82,"column":36},"end":{"line":82,"column":null}},"loc":{"start":{"line":82,"column":36},"end":{"line":112,"column":5}}},"8":{"name":"(anonymous_9)","decl":{"start":{"line":114,"column":12},"end":{"line":114,"column":null}},"loc":{"start":{"line":114,"column":12},"end":{"line":144,"column":5}}},"9":{"name":"(anonymous_10)","decl":{"start":{"line":120,"column":30},"end":{"line":120,"column":31}},"loc":{"start":{"line":120,"column":31},"end":{"line":126,"column":null}}},"10":{"name":"(anonymous_11)","decl":{"start":{"line":128,"column":27},"end":{"line":128,"column":null}},"loc":{"start":{"line":128,"column":27},"end":{"line":134,"column":null}}},"11":{"name":"(anonymous_12)","decl":{"start":{"line":140,"column":11},"end":{"line":140,"column":null}},"loc":{"start":{"line":140,"column":11},"end":{"line":143,"column":null}}},"12":{"name":"(anonymous_13)","decl":{"start":{"line":149,"column":26},"end":{"line":149,"column":33}},"loc":{"start":{"line":149,"column":33},"end":{"line":149,"column":75}}}},"branchMap":{"0":{"loc":{"start":{"line":25,"column":2},"end":{"line":25,"column":null}},"type":"if","locations":[{"start":{"line":25,"column":2},"end":{"line":25,"column":null}},{"start":{},"end":{}}]},"1":{"loc":{"start":{"line":28,"column":2},"end":{"line":28,"column":null}},"type":"if","locations":[{"start":{"line":28,"column":2},"end":{"line":28,"column":null}},{"start":{},"end":{}}]},"2":{"loc":{"start":{"line":30,"column":2},"end":{"line":33,"column":null}},"type":"if","locations":[{"start":{"line":30,"column":2},"end":{"line":33,"column":null}},{"start":{},"end":{}}]},"3":{"loc":{"start":{"line":30,"column":6},"end":{"line":30,"column":74}},"type":"binary-expr","locations":[{"start":{"line":30,"column":6},"end":{"line":30,"column":43}},{"start":{"line":30,"column":43},"end":{"line":30,"column":74}}]},"4":{"loc":{"start":{"line":32,"column":11},"end":{"line":32,"column":52}},"type":"binary-expr","locations":[{"start":{"line":32,"column":11},"end":{"line":32,"column":31}},{"start":{"line":32,"column":31},"end":{"line":32,"column":52}}]},"5":{"loc":{"start":{"line":47,"column":4},"end":{"line":61,"column":null}},"type":"if","locations":[{"start":{"line":47,"column":4},"end":{"line":61,"column":null}},{"start":{},"end":{}}]},"6":{"loc":{"start":{"line":79,"column":15},"end":{"line":79,"column":null}},"type":"binary-expr","locations":[{"start":{"line":79,"column":15},"end":{"line":79,"column":26}},{"start":{"line":79,"column":30},"end":{"line":79,"column":null}}]},"7":{"loc":{"start":{"line":85,"column":4},"end":{"line":88,"column":null}},"type":"if","locations":[{"start":{"line":85,"column":4},"end":{"line":88,"column":null}},{"start":{},"end":{}}]},"8":{"loc":{"start":{"line":96,"column":6},"end":{"line":98,"column":null}},"type":"if","locations":[{"start":{"line":96,"column":6},"end":{"line":98,"column":null}},{"start":{},"end":{}}]},"9":{"loc":{"start":{"line":104,"column":17},"end":{"line":104,"column":null}},"type":"binary-expr","locations":[{"start":{"line":104,"column":17},"end":{"line":104,"column":28}},{"start":{"line":104,"column":32},"end":{"line":104,"column":null}}]},"10":{"loc":{"start":{"line":107,"column":8},"end":{"line":107,"column":null}},"type":"cond-expr","locations":[{"start":{"line":107,"column":31},"end":{"line":107,"column":42}},{"start":{"line":107,"column":45},"end":{"line":107,"column":null}}]},"11":{"loc":{"start":{"line":116,"column":4},"end":{"line":118,"column":null}},"type":"if","locations":[{"start":{"line":116,"column":4},"end":{"line":118,"column":null}},{"start":{},"end":{}}]},"12":{"loc":{"start":{"line":116,"column":8},"end":{"line":116,"column":61}},"type":"binary-expr","locations":[{"start":{"line":116,"column":8},"end":{"line":116,"column":21}},{"start":{"line":116,"column":21},"end":{"line":116,"column":33}},{"start":{"line":116,"column":37},"end":{"line":116,"column":61}}]},"13":{"loc":{"start":{"line":121,"column":6},"end":{"line":125,"column":null}},"type":"if","locations":[{"start":{"line":121,"column":6},"end":{"line":125,"column":null}},{"start":{"line":123,"column":13},"end":{"line":125,"column":null}}]},"14":{"loc":{"start":{"line":121,"column":10},"end":{"line":121,"column":70}},"type":"binary-expr","locations":[{"start":{"line":121,"column":10},"end":{"line":121,"column":37}},{"start":{"line":121,"column":37},"end":{"line":121,"column":70}}]},"15":{"loc":{"start":{"line":147,"column":23},"end":{"line":147,"column":null}},"type":"binary-expr","locations":[{"start":{"line":147,"column":23},"end":{"line":147,"column":34}},{"start":{"line":147,"column":34},"end":{"line":147,"column":null}}]},"16":{"loc":{"start":{"line":149,"column":33},"end":{"line":149,"column":75}},"type":"cond-expr","locations":[{"start":{"line":149,"column":43},"end":{"line":149,"column":70}},{"start":{"line":149,"column":70},"end":{"line":149,"column":75}}]}},"s":{"0":0,"1":0,"2":0,"3":0,"4":0,"5":0,"6":0,"7":0,"8":0,"9":0,"10":0,"11":0,"12":0,"13":0,"14":0,"15":0,"16":0,"17":0,"18":0,"19":0,"20":0,"21":0,"22":0,"23":0,"24":0,"25":0,"26":0,"27":0,"28":0,"29":0,"30":0,"31":0,"32":0,"33":0,"34":0,"35":0,"36":0,"37":0,"38":0,"39":0,"40":0,"41":0,"42":0,"43":0,"44":0,"45":0,"46":0,"47":0,"48":0,"49":0,"50":0,"51":0,"52":0,"53":0,"54":0,"55":0,"56":0,"57":0,"58":0,"59":0,"60":0,"61":0,"62":0,"63":0,"64":0,"65":0},"f":{"0":0,"1":0,"2":0,"3":0,"4":0,"5":0,"6":0,"7":0,"8":0,"9":0,"10":0,"11":0,"12":0},"b":{"0":[0,0],"1":[0,0],"2":[0,0],"3":[0,0],"4":[0,0],"5":[0,0],"6":[0,0],"7":[0,0],"8":[0,0],"9":[0,0],"10":[0,0],"11":[0,0],"12":[0,0,0],"13":[0,0],"14":[0,0],"15":[0,0],"16":[0,0]}}
}
