TN:
SF:app\layout.tsx
FN:15,RootLayout
FNF:1
FNH:0
FNDA:0,RootLayout
DA:2,0
DA:3,0
DA:5,0
DA:10,0
DA:15,0
LF:5
LH:0
BRF:0
BRH:0
end_of_record
TN:
SF:app\page.tsx
FN:8,Home
FNF:1
FNH:0
FNDA:0,Home
DA:1,0
DA:2,0
DA:3,0
DA:4,0
DA:5,0
DA:6,0
DA:8,0
DA:9,0
LF:8
LH:0
BRF:0
BRH:0
end_of_record
TN:
SF:components\CtaGroup.tsx
FN:10,CtaGroup
FNF:1
FNH:0
FNDA:0,CtaGroup
DA:3,0
DA:4,0
DA:10,0
DA:18,0
LF:4
LH:0
BRDA:26,0,0,0
BRDA:26,0,1,0
BRDA:26,1,0,0
BRDA:26,1,1,0
BRDA:28,2,0,0
BRDA:28,2,1,0
BRDA:33,3,0,0
BRDA:33,3,1,0
BRF:8
BRH:0
end_of_record
TN:
SF:components\daily-mint-log.tsx
FN:10,DailyMintLog
FN:37,(anonymous_2)
FNF:2
FNH:0
FNDA:0,DailyMintLog
FNDA:0,(anonymous_2)
DA:3,0
DA:10,0
DA:38,0
LF:3
LH:0
BRF:0
BRH:0
end_of_record
TN:
SF:components\educational-card.tsx
FN:8,EducationalCard
FNF:1
FNH:1
FNDA:25,EducationalCard
DA:1,2
DA:2,2
DA:3,2
DA:8,25
LF:4
LH:4
BRF:0
BRH:0
end_of_record
TN:
SF:components\educational-section.tsx
FN:8,EducationalSection
FN:13,(anonymous_2)
FNF:2
FNH:2
FNDA:6,EducationalSection
FNDA:15,(anonymous_2)
DA:1,1
DA:8,6
DA:14,15
LF:3
LH:3
BRF:0
BRH:0
end_of_record
TN:
SF:components\footer.tsx
FN:14,isX
FN:18,isLinkedIn
FN:23,shouldShowSocial
FN:27,SocialIcon
FN:57,socialLabel
FN:63,isExternal
FN:67,Footer
FN:70,(anonymous_9)
FN:132,(anonymous_10)
FN:156,(anonymous_11)
FN:166,(anonymous_12)
FNF:11
FNH:0
FNDA:0,isX
FNDA:0,isLinkedIn
FNDA:0,shouldShowSocial
FNDA:0,SocialIcon
FNDA:0,socialLabel
FNDA:0,isExternal
FNDA:0,Footer
FNDA:0,(anonymous_9)
FNDA:0,(anonymous_10)
FNDA:0,(anonymous_11)
FNDA:0,(anonymous_12)
DA:3,0
DA:4,0
DA:5,0
DA:7,0
DA:15,0
DA:19,0
DA:20,0
DA:24,0
DA:28,0
DA:39,0
DA:50,0
DA:58,0
DA:59,0
DA:60,0
DA:64,0
DA:67,0
DA:68,0
DA:70,0
DA:71,0
DA:74,0
DA:83,0
DA:85,0
DA:133,0
DA:134,0
DA:136,0
DA:157,0
DA:167,0
LF:27
LH:0
BRDA:24,0,0,0
BRDA:24,0,1,0
BRDA:28,1,0,0
BRDA:28,1,1,0
BRDA:39,2,0,0
BRDA:39,2,1,0
BRDA:50,3,0,0
BRDA:50,3,1,0
BRDA:58,4,0,0
BRDA:58,4,1,0
BRDA:59,5,0,0
BRDA:59,5,1,0
BRDA:60,6,0,0
BRDA:60,6,1,0
BRDA:64,7,0,0
BRDA:64,7,1,0
BRDA:74,8,0,0
BRDA:74,8,1,0
BRDA:85,9,0,0
BRDA:85,9,1,0
BRDA:86,10,0,0
BRDA:86,10,1,0
BRDA:87,11,0,0
BRDA:87,11,1,0
BRDA:89,12,0,0
BRDA:89,12,1,0
BRDA:91,13,0,0
BRDA:91,13,1,0
BRDA:107,14,0,0
BRDA:107,14,1,0
BRDA:108,15,0,0
BRDA:108,15,1,0
BRDA:114,16,0,0
BRDA:114,16,1,0
BRDA:114,17,0,0
BRDA:114,17,1,0
BRDA:125,18,0,0
BRDA:125,18,1,0
BRDA:125,19,0,0
BRDA:125,19,1,0
BRDA:140,20,0,0
BRDA:140,20,1,0
BRDA:141,21,0,0
BRDA:141,21,1,0
BRDA:154,22,0,0
BRDA:154,22,1,0
BRDA:164,23,0,0
BRDA:164,23,1,0
BRF:48
BRH:0
end_of_record
TN:
SF:components\header.tsx
FN:9,Header
FN:29,(anonymous_3)
FNF:2
FNH:2
FNDA:6,Header
FNDA:18,(anonymous_3)
DA:1,1
DA:3,1
DA:9,6
DA:30,18
LF:4
LH:4
BRF:0
BRH:0
end_of_record
TN:
SF:components\hero.tsx
FN:9,Hero
FNF:1
FNH:1
FNDA:8,Hero
DA:1,1
DA:2,1
DA:9,8
LF:3
LH:3
BRF:0
BRH:0
end_of_record
TN:
SF:components\plugging-trend-card.tsx
FN:7,PluggingTrendCard
FN:8,(anonymous_2)
FN:18,(anonymous_3)
FN:58,(anonymous_4)
FNF:4
FNH:0
FNDA:0,PluggingTrendCard
FNDA:0,(anonymous_2)
FNDA:0,(anonymous_3)
FNDA:0,(anonymous_4)
DA:7,0
DA:8,0
DA:19,0
DA:59,0
LF:4
LH:0
BRF:0
BRH:0
end_of_record
TN:
SF:components\state-leaderboard.tsx
FN:9,StateLeaderboard
FN:17,(anonymous_3)
FNF:2
FNH:0
FNDA:0,StateLeaderboard
FNDA:0,(anonymous_3)
DA:1,0
DA:2,0
DA:9,0
DA:18,0
LF:4
LH:0
BRF:0
BRH:0
end_of_record
TN:
SF:components\stats-card.tsx
FN:3,StatsCard
FNF:1
FNH:1
FNDA:6,StatsCard
DA:3,6
LF:1
LH:1
BRF:0
BRH:0
end_of_record
TN:
SF:components\stats-dashboard.tsx
FN:10,StatsDashboard
FN:29,(anonymous_2)
FN:30,(anonymous_3)
FN:51,(anonymous_4)
FN:69,(anonymous_5)
FNF:5
FNH:0
FNDA:0,StatsDashboard
FNDA:0,(anonymous_2)
FNDA:0,(anonymous_3)
FNDA:0,(anonymous_4)
FNDA:0,(anonymous_5)
DA:1,0
DA:2,0
DA:3,0
DA:10,0
DA:30,0
DA:31,0
DA:52,0
DA:70,0
LF:8
LH:0
BRF:0
BRH:0
end_of_record
TN:
SF:lib\content.ts
FN:13,getSiteContent
FN:17,getHomeContent
FN:21,getDashboardContent
FN:25,getFooterContent
FN:30,getFullPageContent
FNF:5
FNH:5
FNDA:5,getSiteContent
FNDA:5,getHomeContent
FNDA:8,getDashboardContent
FNDA:5,getFooterContent
FNDA:2,getFullPageContent
DA:8,1
DA:9,1
DA:10,1
DA:11,1
DA:13,3
DA:14,5
DA:17,3
DA:18,5
DA:21,6
DA:22,8
DA:25,3
DA:26,5
DA:30,2
DA:31,2
LF:14
LH:14
BRF:0
BRH:0
end_of_record
TN:
SF:lib\config\cta.ts
FN:40,getBaseNetwork
FN:45,sanitizeBuyCapitUrl
FN:75,getBuyCapitUrl
FNF:3
FNH:0
FNDA:0,getBaseNetwork
FNDA:0,sanitizeBuyCapitUrl
FNDA:0,getBuyCapitUrl
DA:11,0
DA:23,0
DA:41,0
DA:42,0
DA:46,0
DA:47,0
DA:50,0
DA:51,0
DA:52,0
DA:55,0
DA:56,0
DA:57,0
DA:58,0
DA:61,0
DA:63,0
DA:67,0
DA:68,0
DA:70,0
DA:75,0
DA:76,0
DA:79,0
LF:21
LH:0
BRDA:42,0,0,0
BRDA:42,0,1,0
BRDA:46,1,0,0
BRDA:46,1,1,0
BRDA:51,2,0,0
BRDA:51,2,1,0
BRDA:57,3,0,0
BRDA:57,3,1,0
BRDA:57,4,0,0
BRDA:57,4,1,0
BRF:10
BRH:0
end_of_record
TN:
SF:lib\wallet\useInjectedWallet.ts
FN:20,truncateAddress
FN:24,getInjectedProvider
FN:31,(anonymous_3)
FN:38,switchToBase
FN:67,useInjectedWallet
FN:73,(anonymous_6)
FN:77,(anonymous_7)
FN:82,(anonymous_8)
FN:114,(anonymous_9)
FN:120,(anonymous_10)
FN:128,(anonymous_11)
FN:140,(anonymous_12)
FN:149,(anonymous_13)
FNF:13
FNH:0
FNDA:0,truncateAddress
FNDA:0,getInjectedProvider
FNDA:0,(anonymous_3)
FNDA:0,switchToBase
FNDA:0,useInjectedWallet
FNDA:0,(anonymous_6)
FNDA:0,(anonymous_7)
FNDA:0,(anonymous_8)
FNDA:0,(anonymous_9)
FNDA:0,(anonymous_10)
FNDA:0,(anonymous_11)
FNDA:0,(anonymous_12)
FNDA:0,(anonymous_13)
DA:3,0
DA:4,0
DA:21,0
DA:25,0
DA:27,0
DA:28,0
DA:30,0
DA:31,0
DA:32,0
DA:35,0
DA:39,0
DA:40,0
DA:45,0
DA:47,0
DA:48,0
DA:60,0
DA:63,0
DA:67,0
DA:68,0
DA:69,0
DA:70,0
DA:71,0
DA:73,0
DA:74,0
DA:77,0
DA:78,0
DA:79,0
DA:82,0
DA:83,0
DA:85,0
DA:86,0
DA:87,0
DA:90,0
DA:91,0
DA:93,0
DA:94,0
DA:96,0
DA:97,0
DA:100,0
DA:104,0
DA:107,0
DA:108,0
DA:110,0
DA:114,0
DA:115,0
DA:116,0
DA:117,0
DA:120,0
DA:121,0
DA:122,0
DA:124,0
DA:128,0
DA:129,0
DA:130,0
DA:132,0
DA:136,0
DA:137,0
DA:138,0
DA:140,0
DA:141,0
DA:142,0
DA:146,0
DA:149,0
LF:63
LH:0
BRDA:25,0,0,0
BRDA:25,0,1,0
BRDA:28,1,0,0
BRDA:28,1,1,0
BRDA:30,2,0,0
BRDA:30,2,1,0
BRDA:30,3,0,0
BRDA:30,3,1,0
BRDA:32,4,0,0
BRDA:32,4,1,0
BRDA:47,5,0,0
BRDA:47,5,1,0
BRDA:79,6,0,0
BRDA:79,6,1,0
BRDA:85,7,0,0
BRDA:85,7,1,0
BRDA:96,8,0,0
BRDA:96,8,1,0
BRDA:104,9,0,0
BRDA:104,9,1,0
BRDA:107,10,0,0
BRDA:107,10,1,0
BRDA:116,11,0,0
BRDA:116,11,1,0
BRDA:116,12,0,0
BRDA:116,12,1,0
BRDA:116,12,2,0
BRDA:121,13,0,0
BRDA:121,13,1,0
BRDA:121,14,0,0
BRDA:121,14,1,0
BRDA:147,15,0,0
BRDA:147,15,1,0
BRDA:149,16,0,0
BRDA:149,16,1,0
BRF:35
BRH:0
end_of_record
